<?xml version="1.0" ?>
<coverage version="7.8.2" timestamp="1749579967744" lines-valid="474" lines-covered="287" line-rate="0.6055" branches-valid="152" branches-covered="68" branch-rate="0.4474" complexity="0">
	<!-- Generated by coverage.py: https://coverage.readthedocs.io/en/7.8.2 -->
	<!-- Based on https://raw.githubusercontent.com/cobertura/web/master/htdocs/xml/coverage-04.dtd -->
	<sources>
		<source>/Users/kentb/Dropbox/Mac/Documents/augment-projects/BPlusTree3/python/bplustree</source>
	</sources>
	<packages>
		<package name="." line-rate="0.6055" branch-rate="0.4474" complexity="0">
			<classes>
				<class name="__init__.py" filename="__init__.py" complexity="0" line-rate="0.2727" branch-rate="0">
					<methods/>
					<lines>
						<line number="11" hits="1"/>
						<line number="13" hits="1"/>
						<line number="14" hits="1"/>
						<line number="15" hits="1"/>
						<line number="16" hits="1"/>
						<line number="19" hits="0"/>
						<line number="22" hits="0"/>
						<line number="23" hits="0" branch="true" condition-coverage="0% (0/2)" missing-branches="24,26"/>
						<line number="24" hits="0"/>
						<line number="26" hits="0"/>
						<line number="28" hits="0"/>
						<line number="30" hits="0"/>
						<line number="31" hits="0"/>
						<line number="32" hits="0"/>
						<line number="33" hits="0"/>
						<line number="35" hits="0"/>
						<line number="37" hits="0" branch="true" condition-coverage="0% (0/2)" missing-branches="exit,38"/>
						<line number="38" hits="0"/>
						<line number="40" hits="0"/>
						<line number="41" hits="0"/>
						<line number="43" hits="0"/>
						<line number="45" hits="0"/>
						<line number="46" hits="0"/>
						<line number="48" hits="0"/>
						<line number="50" hits="0"/>
						<line number="51" hits="0"/>
						<line number="53" hits="0"/>
						<line number="55" hits="0"/>
						<line number="58" hits="1"/>
						<line number="60" hits="1"/>
						<line number="61" hits="1"/>
						<line number="64" hits="1"/>
						<line number="66" hits="0"/>
					</lines>
				</class>
				<class name="bplus_tree.py" filename="bplus_tree.py" complexity="0" line-rate="0.6304" branch-rate="0.4595">
					<methods/>
					<lines>
						<line number="8" hits="1"/>
						<line number="9" hits="1"/>
						<line number="10" hits="1"/>
						<line number="12" hits="1"/>
						<line number="15" hits="1"/>
						<line number="16" hits="1"/>
						<line number="17" hits="1"/>
						<line number="18" hits="1"/>
						<line number="21" hits="1"/>
						<line number="24" hits="1"/>
						<line number="27" hits="1"/>
						<line number="30" hits="1"/>
						<line number="33" hits="1"/>
						<line number="58" hits="1"/>
						<line number="67" hits="1" branch="true" condition-coverage="50% (1/2)" missing-branches="68"/>
						<line number="68" hits="0"/>
						<line number="71" hits="1"/>
						<line number="72" hits="1"/>
						<line number="74" hits="1"/>
						<line number="75" hits="1"/>
						<line number="76" hits="1"/>
						<line number="78" hits="1"/>
						<line number="79" hits="1"/>
						<line number="94" hits="0"/>
						<line number="95" hits="0"/>
						<line number="96" hits="0"/>
						<line number="98" hits="1"/>
						<line number="100" hits="0"/>
						<line number="101" hits="0" branch="true" condition-coverage="0% (0/2)" missing-branches="102,103"/>
						<line number="102" hits="0"/>
						<line number="103" hits="0"/>
						<line number="107" hits="0" branch="true" condition-coverage="0% (0/2)" missing-branches="exit,108"/>
						<line number="108" hits="0"/>
						<line number="110" hits="0" branch="true" condition-coverage="0% (0/2)" missing-branches="107,111"/>
						<line number="111" hits="0"/>
						<line number="112" hits="0"/>
						<line number="114" hits="1"/>
						<line number="121" hits="0" branch="true" condition-coverage="0% (0/2)" missing-branches="127,131"/>
						<line number="127" hits="0"/>
						<line number="128" hits="0"/>
						<line number="129" hits="0"/>
						<line number="131" hits="0"/>
						<line number="132" hits="0"/>
						<line number="134" hits="1"/>
						<line number="136" hits="0"/>
						<line number="137" hits="0" branch="true" condition-coverage="0% (0/2)" missing-branches="138,139"/>
						<line number="138" hits="0"/>
						<line number="139" hits="0"/>
						<line number="141" hits="1"/>
						<line number="148" hits="1"/>
						<line number="151" hits="1" branch="true" condition-coverage="100% (2/2)"/>
						<line number="152" hits="1"/>
						<line number="153" hits="1"/>
						<line number="154" hits="1"/>
						<line number="155" hits="1"/>
						<line number="156" hits="1"/>
						<line number="157" hits="1"/>
						<line number="159" hits="1"/>
						<line number="166" hits="1" branch="true" condition-coverage="100% (2/2)"/>
						<line number="168" hits="1"/>
						<line number="170" hits="1"/>
						<line number="171" hits="1"/>
						<line number="173" hits="1"/>
						<line number="174" hits="1" branch="true" condition-coverage="100% (2/2)"/>
						<line number="175" hits="1"/>
						<line number="177" hits="1"/>
						<line number="178" hits="1"/>
						<line number="180" hits="1"/>
						<line number="184" hits="1"/>
						<line number="187" hits="1" branch="true" condition-coverage="100% (2/2)"/>
						<line number="188" hits="1"/>
						<line number="189" hits="1"/>
						<line number="192" hits="1" branch="true" condition-coverage="100% (2/2)"/>
						<line number="193" hits="1"/>
						<line number="194" hits="1"/>
						<line number="197" hits="1"/>
						<line number="199" hits="1"/>
						<line number="207" hits="1"/>
						<line number="211" hits="1"/>
						<line number="213" hits="1"/>
						<line number="214" hits="1" branch="true" condition-coverage="100% (2/2)"/>
						<line number="216" hits="1" branch="true" condition-coverage="100% (2/2)"/>
						<line number="217" hits="1"/>
						<line number="218" hits="1"/>
						<line number="219" hits="1"/>
						<line number="221" hits="1"/>
						<line number="231" hits="1"/>
						<line number="232" hits="1" branch="true" condition-coverage="100% (2/2)"/>
						<line number="233" hits="1"/>
						<line number="235" hits="1"/>
						<line number="236" hits="1"/>
						<line number="238" hits="1"/>
						<line number="240" hits="1"/>
						<line number="241" hits="1" branch="true" condition-coverage="100% (2/2)"/>
						<line number="242" hits="1"/>
						<line number="244" hits="1"/>
						<line number="245" hits="1"/>
						<line number="247" hits="1"/>
						<line number="249" hits="1"/>
						<line number="251" hits="1"/>
						<line number="253" hits="1"/>
						<line number="255" hits="1"/>
						<line number="257" hits="1"/>
						<line number="258" hits="1" branch="true" condition-coverage="50% (1/2)" missing-branches="259"/>
						<line number="259" hits="0"/>
						<line number="261" hits="1"/>
						<line number="266" hits="1" branch="true" condition-coverage="100% (2/2)"/>
						<line number="269" hits="1"/>
						<line number="272" hits="1"/>
						<line number="273" hits="1"/>
						<line number="274" hits="1"/>
						<line number="275" hits="1" branch="true" condition-coverage="50% (1/2)" missing-branches="276"/>
						<line number="276" hits="0"/>
						<line number="279" hits="1" branch="true" condition-coverage="100% (2/2)"/>
						<line number="281" hits="1"/>
						<line number="286" hits="1" branch="true" condition-coverage="100% (2/2)"/>
						<line number="287" hits="1"/>
						<line number="289" hits="1"/>
						<line number="291" hits="1"/>
						<line number="293" hits="1"/>
						<line number="296" hits="1" branch="true" condition-coverage="50% (1/2)" missing-branches="297"/>
						<line number="297" hits="0"/>
						<line number="300" hits="1" branch="true" condition-coverage="50% (1/2)" missing-branches="305"/>
						<line number="301" hits="1"/>
						<line number="302" hits="1"/>
						<line number="305" hits="0"/>
						<line number="308" hits="0" branch="true" condition-coverage="0% (0/2)" missing-branches="309,315"/>
						<line number="309" hits="0"/>
						<line number="310" hits="0" branch="true" condition-coverage="0% (0/2)" missing-branches="311,315"/>
						<line number="311" hits="0"/>
						<line number="312" hits="0"/>
						<line number="315" hits="0" branch="true" condition-coverage="0% (0/2)" missing-branches="316,322"/>
						<line number="316" hits="0"/>
						<line number="317" hits="0" branch="true" condition-coverage="0% (0/2)" missing-branches="318,322"/>
						<line number="318" hits="0"/>
						<line number="319" hits="0"/>
						<line number="322" hits="0" branch="true" condition-coverage="0% (0/2)" missing-branches="exit,323"/>
						<line number="323" hits="0"/>
						<line number="325" hits="1"/>
						<line number="327" hits="0"/>
						<line number="328" hits="0"/>
						<line number="330" hits="0" branch="true" condition-coverage="0% (0/2)" missing-branches="332,337"/>
						<line number="332" hits="0"/>
						<line number="334" hits="0"/>
						<line number="337" hits="0"/>
						<line number="338" hits="0"/>
						<line number="339" hits="0"/>
						<line number="341" hits="1"/>
						<line number="343" hits="0"/>
						<line number="344" hits="0"/>
						<line number="346" hits="0" branch="true" condition-coverage="0% (0/2)" missing-branches="348,353"/>
						<line number="348" hits="0"/>
						<line number="350" hits="0"/>
						<line number="353" hits="0"/>
						<line number="354" hits="0"/>
						<line number="355" hits="0"/>
						<line number="357" hits="1"/>
						<line number="359" hits="1"/>
						<line number="362" hits="1" branch="true" condition-coverage="50% (1/2)" missing-branches="363"/>
						<line number="363" hits="0"/>
						<line number="366" hits="1" branch="true" condition-coverage="50% (1/2)" missing-branches="367"/>
						<line number="367" hits="0"/>
						<line number="372" hits="1" branch="true" condition-coverage="50% (1/2)" missing-branches="374"/>
						<line number="374" hits="0"/>
						<line number="376" hits="0" branch="true" condition-coverage="0% (0/2)" missing-branches="378,391"/>
						<line number="378" hits="0"/>
						<line number="379" hits="0" branch="true" condition-coverage="0% (0/2)" missing-branches="381,388"/>
						<line number="381" hits="0"/>
						<line number="383" hits="0"/>
						<line number="384" hits="0"/>
						<line number="388" hits="0"/>
						<line number="391" hits="0"/>
						<line number="394" hits="0"/>
						<line number="395" hits="0" branch="true" condition-coverage="0% (0/2)" missing-branches="397,404"/>
						<line number="397" hits="0"/>
						<line number="398" hits="0"/>
						<line number="400" hits="0"/>
						<line number="401" hits="0"/>
						<line number="404" hits="0"/>
						<line number="406" hits="1" branch="true" condition-coverage="50% (1/2)" missing-branches="442"/>
						<line number="408" hits="1"/>
						<line number="410" hits="1" branch="true" condition-coverage="50% (1/2)" missing-branches="424"/>
						<line number="412" hits="1"/>
						<line number="413" hits="1" branch="true" condition-coverage="50% (1/2)" missing-branches="421"/>
						<line number="415" hits="1"/>
						<line number="417" hits="1"/>
						<line number="418" hits="1"/>
						<line number="421" hits="0"/>
						<line number="424" hits="0"/>
						<line number="427" hits="0"/>
						<line number="428" hits="0" branch="true" condition-coverage="0% (0/2)" missing-branches="430,437"/>
						<line number="430" hits="0"/>
						<line number="431" hits="0"/>
						<line number="433" hits="0"/>
						<line number="434" hits="0"/>
						<line number="437" hits="0"/>
						<line number="442" hits="0"/>
						<line number="444" hits="1"/>
						<line number="446" hits="1"/>
						<line number="447" hits="1"/>
						<line number="449" hits="1"/>
						<line number="451" hits="0" branch="true" condition-coverage="0% (0/2)" missing-branches="exit,452"/>
						<line number="452" hits="0"/>
						<line number="454" hits="1"/>
						<line number="456" hits="0" branch="true" condition-coverage="0% (0/2)" missing-branches="exit,457"/>
						<line number="457" hits="0"/>
						<line number="459" hits="1"/>
						<line number="461" hits="1" branch="true" condition-coverage="50% (1/2)" missing-branches="465"/>
						<line number="462" hits="1"/>
						<line number="463" hits="1"/>
						<line number="465" hits="0"/>
						<line number="466" hits="0" branch="true" condition-coverage="0% (0/2)" missing-branches="467,468"/>
						<line number="467" hits="0"/>
						<line number="468" hits="0"/>
						<line number="470" hits="1" branch="true" condition-coverage="100% (2/2)"/>
						<line number="471" hits="1" branch="true" condition-coverage="100% (2/2)"/>
						<line number="472" hits="1"/>
						<line number="473" hits="1" branch="true" condition-coverage="50% (1/2)" missing-branches="474"/>
						<line number="474" hits="0"/>
						<line number="475" hits="1"/>
						<line number="477" hits="1"/>
						<line number="478" hits="1"/>
						<line number="480" hits="1"/>
						<line number="482" hits="0"/>
						<line number="484" hits="1"/>
						<line number="487" hits="0"/>
						<line number="488" hits="0" branch="true" condition-coverage="0% (0/2)" missing-branches="489,494"/>
						<line number="489" hits="0"/>
						<line number="490" hits="0" branch="true" condition-coverage="0% (0/2)" missing-branches="491,493"/>
						<line number="491" hits="0"/>
						<line number="493" hits="0"/>
						<line number="494" hits="0"/>
						<line number="496" hits="1"/>
						<line number="498" hits="1"/>
						<line number="500" hits="0"/>
						<line number="501" hits="0"/>
						<line number="502" hits="0" branch="true" condition-coverage="0% (0/2)" missing-branches="503,505"/>
						<line number="503" hits="0"/>
						<line number="504" hits="0"/>
						<line number="505" hits="0"/>
						<line number="507" hits="1"/>
						<line number="510" hits="0"/>
						<line number="511" hits="0" branch="true" condition-coverage="0% (0/2)" missing-branches="512,513"/>
						<line number="512" hits="0"/>
						<line number="513" hits="0"/>
						<line number="514" hits="0" branch="true" condition-coverage="0% (0/2)" missing-branches="515,516"/>
						<line number="515" hits="0"/>
						<line number="516" hits="0"/>
						<line number="518" hits="0"/>
						<line number="520" hits="1"/>
						<line number="522" hits="1"/>
						<line number="523" hits="1"/>
						<line number="524" hits="1"/>
						<line number="526" hits="1"/>
						<line number="528" hits="1" branch="true" condition-coverage="100% (2/2)"/>
						<line number="529" hits="1"/>
						<line number="532" hits="1"/>
						<line number="533" hits="1"/>
						<line number="534" hits="1"/>
						<line number="535" hits="1"/>
						<line number="536" hits="1"/>
						<line number="537" hits="1" branch="true" condition-coverage="100% (2/2)"/>
						<line number="538" hits="1"/>
						<line number="539" hits="1"/>
						<line number="541" hits="1"/>
						<line number="543" hits="1" branch="true" condition-coverage="100% (2/2)"/>
						<line number="544" hits="1"/>
						<line number="547" hits="1"/>
						<line number="548" hits="1"/>
						<line number="549" hits="1"/>
						<line number="550" hits="1"/>
						<line number="552" hits="1"/>
						<line number="554" hits="1"/>
						<line number="555" hits="1"/>
						<line number="556" hits="1"/>
						<line number="557" hits="1"/>
						<line number="558" hits="1"/>
						<line number="560" hits="1"/>
						<line number="562" hits="1" branch="true" condition-coverage="100% (2/2)"/>
						<line number="564" hits="1" branch="true" condition-coverage="100% (2/2)"/>
						<line number="565" hits="1"/>
						<line number="566" hits="1" branch="true" condition-coverage="50% (1/2)" missing-branches="568"/>
						<line number="568" hits="0" branch="true" condition-coverage="0% (0/2)" missing-branches="exit,569"/>
						<line number="569" hits="0"/>
						<line number="572" hits="1" branch="true" condition-coverage="100% (2/2)"/>
						<line number="573" hits="1"/>
						<line number="575" hits="1"/>
						<line number="577" hits="1"/>
						<line number="578" hits="1" branch="true" condition-coverage="100% (2/2)"/>
						<line number="579" hits="1"/>
						<line number="580" hits="1"/>
						<line number="583" hits="1"/>
						<line number="612" hits="1"/>
						<line number="625" hits="1"/>
						<line number="626" hits="1"/>
						<line number="627" hits="1"/>
						<line number="628" hits="1"/>
						<line number="629" hits="1"/>
						<line number="631" hits="1"/>
						<line number="632" hits="1"/>
						<line number="634" hits="1"/>
						<line number="635" hits="1"/>
						<line number="637" hits="1"/>
						<line number="638" hits="1"/>
						<line number="640" hits="1"/>
						<line number="642" hits="1"/>
						<line number="643" hits="1"/>
						<line number="645" hits="1"/>
						<line number="647" hits="0"/>
						<line number="648" hits="0"/>
						<line number="650" hits="1"/>
						<line number="652" hits="0" branch="true" condition-coverage="0% (0/2)" missing-branches="653,655"/>
						<line number="653" hits="0"/>
						<line number="655" hits="0"/>
						<line number="656" hits="0"/>
						<line number="657" hits="0"/>
						<line number="658" hits="0"/>
						<line number="660" hits="1"/>
						<line number="662" hits="0" branch="true" condition-coverage="0% (0/2)" missing-branches="663,665"/>
						<line number="663" hits="0"/>
						<line number="665" hits="0"/>
						<line number="666" hits="0"/>
						<line number="667" hits="0"/>
						<line number="668" hits="0"/>
						<line number="670" hits="1"/>
						<line number="673" hits="1"/>
						<line number="674" hits="1"/>
						<line number="677" hits="1"/>
						<line number="679" hits="1"/>
						<line number="685" hits="1"/>
						<line number="686" hits="1"/>
						<line number="687" hits="1"/>
						<line number="689" hits="1"/>
						<line number="693" hits="1"/>
						<line number="695" hits="1" branch="true" condition-coverage="50% (1/2)" missing-branches="697"/>
						<line number="697" hits="0"/>
						<line number="698" hits="0"/>
						<line number="699" hits="0"/>
						<line number="702" hits="1"/>
						<line number="703" hits="1"/>
						<line number="704" hits="1"/>
						<line number="706" hits="1"/>
						<line number="708" hits="1"/>
						<line number="709" hits="1" branch="true" condition-coverage="100% (2/2)"/>
						<line number="710" hits="1"/>
						<line number="711" hits="1"/>
						<line number="713" hits="1"/>
						<line number="715" hits="1"/>
						<line number="716" hits="1" branch="true" condition-coverage="50% (1/2)" missing-branches="719"/>
						<line number="717" hits="1"/>
						<line number="718" hits="1"/>
						<line number="719" hits="0"/>
						<line number="721" hits="1"/>
						<line number="724" hits="1"/>
						<line number="727" hits="1"/>
						<line number="730" hits="1"/>
						<line number="731" hits="1"/>
						<line number="734" hits="1"/>
						<line number="735" hits="1"/>
						<line number="738" hits="1"/>
						<line number="739" hits="1"/>
						<line number="741" hits="1"/>
						<line number="743" hits="1"/>
						<line number="745" hits="1"/>
						<line number="748" hits="1" branch="true" condition-coverage="50% (1/2)" missing-branches="749"/>
						<line number="749" hits="0"/>
						<line number="751" hits="1"/>
						<line number="753" hits="1"/>
						<line number="755" hits="1"/>
						<line number="757" hits="0"/>
						<line number="759" hits="1"/>
						<line number="761" hits="1"/>
						<line number="764" hits="1"/>
						<line number="781" hits="1"/>
						<line number="782" hits="1"/>
						<line number="783" hits="1"/>
						<line number="784" hits="1"/>
						<line number="786" hits="1"/>
						<line number="787" hits="1"/>
						<line number="789" hits="1"/>
						<line number="790" hits="1"/>
						<line number="792" hits="1"/>
						<line number="793" hits="0"/>
						<line number="795" hits="1"/>
						<line number="797" hits="0"/>
						<line number="798" hits="0"/>
						<line number="800" hits="1"/>
						<line number="802" hits="0"/>
						<line number="803" hits="0"/>
						<line number="805" hits="1"/>
						<line number="807" hits="0" branch="true" condition-coverage="0% (0/2)" missing-branches="808,811"/>
						<line number="808" hits="0"/>
						<line number="811" hits="0"/>
						<line number="814" hits="0"/>
						<line number="815" hits="0"/>
						<line number="818" hits="0"/>
						<line number="820" hits="1"/>
						<line number="822" hits="0" branch="true" condition-coverage="0% (0/2)" missing-branches="823,826"/>
						<line number="823" hits="0"/>
						<line number="826" hits="0"/>
						<line number="829" hits="0"/>
						<line number="830" hits="0"/>
						<line number="833" hits="0"/>
						<line number="835" hits="1"/>
						<line number="838" hits="0"/>
						<line number="841" hits="0"/>
						<line number="842" hits="0"/>
						<line number="844" hits="1"/>
						<line number="847" hits="1" branch="true" condition-coverage="50% (1/2)" missing-branches="848"/>
						<line number="848" hits="0"/>
						<line number="849" hits="1" branch="true" condition-coverage="50% (1/2)" missing-branches="850"/>
						<line number="850" hits="0"/>
						<line number="857" hits="1"/>
						<line number="860" hits="1" branch="true" condition-coverage="50% (1/2)" missing-branches="861"/>
						<line number="861" hits="0"/>
						<line number="865" hits="1"/>
						<line number="867" hits="1"/>
						<line number="869" hits="1" branch="true" condition-coverage="50% (1/2)" missing-branches="870"/>
						<line number="870" hits="0"/>
						<line number="871" hits="1"/>
						<line number="872" hits="1" branch="true" condition-coverage="50% (1/2)" missing-branches="873"/>
						<line number="873" hits="0"/>
						<line number="876" hits="1"/>
						<line number="878" hits="1"/>
						<line number="881" hits="1"/>
						<line number="884" hits="1"/>
						<line number="887" hits="1"/>
						<line number="890" hits="1"/>
						<line number="893" hits="1"/>
						<line number="896" hits="1"/>
						<line number="897" hits="1"/>
						<line number="899" hits="1"/>
						<line number="901" hits="1"/>
						<line number="906" hits="1"/>
						<line number="907" hits="1"/>
						<line number="910" hits="1" branch="true" condition-coverage="100% (2/2)"/>
						<line number="911" hits="1"/>
						<line number="914" hits="1"/>
						<line number="916" hits="1"/>
						<line number="918" hits="0"/>
						<line number="919" hits="0"/>
					</lines>
				</class>
			</classes>
		</package>
	</packages>
</coverage>
